<?xml version="1.0" encoding="UTF-8"?>
<!-- Generated by org.testng.reporters.JUnitReportReporter -->
<testsuite skipped="0" hostname="Naman-PC" name="com.crm.qa.testcases.LoginPageTest" tests="3" failures="0" timestamp="05 Apr 2018 18:03:27 GMT" time="51.753" errors="0">
  <testcase name="loginPageTitleTest" time="11.917" classname="com.crm.qa.testcases.LoginPageTest"/>
  <testcase name="crmLogoImageTest" time="13.028" classname="com.crm.qa.testcases.LoginPageTest"/>
  <testcase name="loginTest" time="26.808" classname="com.crm.qa.testcases.LoginPageTest"/>
</testsuite> <!-- com.crm.qa.testcases.LoginPageTest -->
