<?xml version="1.0" encoding="UTF-8"?>
<!-- Generated by org.testng.reporters.JUnitReportReporter -->
<testsuite skipped="0" hostname="Naman-PC" name="com.crm.qa.testcases.HomePageTest" tests="3" failures="0" timestamp="05 Apr 2018 18:03:27 GMT" time="70.862" errors="0">
  <testcase name="verifyHomePageTitleTest" time="23.052" classname="com.crm.qa.testcases.HomePageTest"/>
  <testcase name="verifyUserNametest" time="24.231" classname="com.crm.qa.testcases.HomePageTest"/>
  <testcase name="verifyContactsLinkTest" time="23.579" classname="com.crm.qa.testcases.HomePageTest"/>
</testsuite> <!-- com.crm.qa.testcases.HomePageTest -->
