<?xml version="1.0" encoding="UTF-8"?>
<!-- Generated by org.testng.reporters.JUnitReportReporter -->
<testsuite skipped="0" hostname="Naman-PC" name="com.crm.qa.testcases.HomePageTest" tests="3" failures="0" timestamp="07 Apr 2018 10:29:09 GMT" time="65.311" errors="0">
  <testcase name="verifyHomePageTitleTest" time="21.565" classname="com.crm.qa.testcases.HomePageTest"/>
  <testcase name="verifyUserNametest" time="20.711" classname="com.crm.qa.testcases.HomePageTest"/>
  <testcase name="verifyContactsLinkTest" time="23.035" classname="com.crm.qa.testcases.HomePageTest"/>
</testsuite> <!-- com.crm.qa.testcases.HomePageTest -->
