<?xml version="1.0" encoding="UTF-8"?>
<!-- Generated by org.testng.reporters.JUnitReportReporter -->
<testsuite skipped="0" hostname="Naman-PC" name="com.crm.qa.testcases.LoginPageTest" tests="3" failures="0" timestamp="07 Apr 2018 10:29:09 GMT" time="42.304" errors="0">
  <testcase name="loginPageTitleTest" time="9.727" classname="com.crm.qa.testcases.LoginPageTest"/>
  <testcase name="crmLogoImageTest" time="10.478" classname="com.crm.qa.testcases.LoginPageTest"/>
  <testcase name="loginTest" time="22.099" classname="com.crm.qa.testcases.LoginPageTest"/>
</testsuite> <!-- com.crm.qa.testcases.LoginPageTest -->
